[2025-12-14T09:22:03.895+0000] {local_task_job_runner.py:123} INFO - ::group::Pre task execution logs
[2025-12-14T09:22:03.903+0000] {taskinstance.py:2613} INFO - Dependencies all met for dep_context=non-requeueable deps ti=<TaskInstance: stock_portfolio_pipeline_datafrogs.run_spark_analytics manual__2025-12-14T09:21:10.391900+00:00 [queued]>
[2025-12-14T09:22:03.907+0000] {taskinstance.py:2613} INFO - Dependencies all met for dep_context=requeueable deps ti=<TaskInstance: stock_portfolio_pipeline_datafrogs.run_spark_analytics manual__2025-12-14T09:21:10.391900+00:00 [queued]>
[2025-12-14T09:22:03.907+0000] {taskinstance.py:2866} INFO - Starting attempt 1 of 2
[2025-12-14T09:22:03.912+0000] {taskinstance.py:2889} INFO - Executing <Task(PythonOperator): run_spark_analytics> on 2025-12-14 09:21:10.391900+00:00
[2025-12-14T09:22:03.918+0000] {warnings.py:112} WARNING - /home/***/.local/lib/python3.12/site-packages/***/task/task_runner/standard_task_runner.py:70: DeprecationWarning: This process (pid=2382) is multi-threaded, use of fork() may lead to deadlocks in the child.
  pid = os.fork()

[2025-12-14T09:22:03.919+0000] {standard_task_runner.py:72} INFO - Started process 2387 to run task
[2025-12-14T09:22:03.920+0000] {standard_task_runner.py:104} INFO - Running: ['***', 'tasks', 'run', 'stock_portfolio_pipeline_datafrogs', 'run_spark_analytics', 'manual__2025-12-14T09:21:10.391900+00:00', '--job-id', '62', '--raw', '--subdir', 'DAGS_FOLDER/***.py', '--cfg-path', '/tmp/tmpxhf15xo0']
[2025-12-14T09:22:03.922+0000] {standard_task_runner.py:105} INFO - Job 62: Subtask run_spark_analytics
[2025-12-14T09:22:03.952+0000] {task_command.py:467} INFO - Running <TaskInstance: stock_portfolio_pipeline_datafrogs.run_spark_analytics manual__2025-12-14T09:21:10.391900+00:00 [running]> on host 179bab7085b3
[2025-12-14T09:22:03.991+0000] {taskinstance.py:3132} INFO - Exporting env vars: AIRFLOW_CTX_DAG_OWNER='data_engineering_team' AIRFLOW_CTX_DAG_ID='stock_portfolio_pipeline_datafrogs' AIRFLOW_CTX_TASK_ID='run_spark_analytics' AIRFLOW_CTX_EXECUTION_DATE='2025-12-14T09:21:10.391900+00:00' AIRFLOW_CTX_TRY_NUMBER='1' AIRFLOW_CTX_DAG_RUN_ID='manual__2025-12-14T09:21:10.391900+00:00'
[2025-12-14T09:22:03.992+0000] {taskinstance.py:731} INFO - ::endgroup::
[2025-12-14T09:22:04.002+0000] {logging_mixin.py:190} INFO - === Starting Spark Analytics Task ===
[2025-12-14T09:22:04.002+0000] {logging_mixin.py:190} INFO - No existing SparkContext found, continuing.
[2025-12-14T09:22:04.003+0000] {logging_mixin.py:190} INFO - Attempting to create SparkSession...
[2025-12-14T09:22:06.049+0000] {logging_mixin.py:190} INFO - SparkSession created successfully.
[2025-12-14T09:22:06.050+0000] {logging_mixin.py:190} INFO - Checking for file at: /opt/***/data/streaming_dataset/full_stocks.csv
[2025-12-14T09:22:06.050+0000] {logging_mixin.py:190} INFO - SUCCESS: File found.
[2025-12-14T09:22:38.809+0000] {job.py:229} INFO - Heartbeat recovered after 29.81 seconds
[2025-12-14T09:22:42.417+0000] {logging_mixin.py:190} INFO - CSV loaded successfully, showing first 5 rows:
[2025-12-14T09:22:43.253+0000] {logging_mixin.py:190} INFO - +--------------+----------+-----------+------------+--------+------------------+--------+----------+----------+--------------------+------------------+------------------+--------------------+---------------------+-----------------------------------+----------------------------+---------------------+-------------------+--------------------+-----------------------+-----------------------+-------------------------------+-----------------------+------------------------+------------------------------+-------------------------+---------------------+-----------------------+------------------------+
|transaction_id| timestamp|customer_id|stock_ticker|quantity|average_trade_size|day_name|is_weekend|is_holiday|stock_liquidity_tier|       stock_price|total_trade_amount|transaction_type_BUY|transaction_type_SELL|customer_account_type_Institutional|customer_account_type_Retail|stock_sector_Consumer|stock_sector_Energy|stock_sector_Finance|stock_sector_Healthcare|stock_sector_Technology|stock_industry_Asset Management|stock_industry_Hardware|stock_industry_Oil & Gas|stock_industry_Pharmaceuticals|stock_industry_Renewables|stock_industry_Retail|stock_industry_Software|stock_industry_Utilities|
+--------------+----------+-----------+------------+--------+------------------+--------+----------+----------+--------------------+------------------+------------------+--------------------+---------------------+-----------------------------------+----------------------------+---------------------+-------------------+--------------------+-----------------------+-----------------------+-------------------------------+-----------------------+------------------------+------------------------------+-------------------------+---------------------+-----------------------+------------------------+
|             1|2023-01-02|     4747.0|         1.0|    15.0|  2.70805020110221|     0.0|       0.0|       0.0|                 Low|143.73284741052294| 2155.992711157844|                true|                false|                              false|                        true|                 true|              false|               false|                  false|                  false|                          false|                  false|                   false|                         false|                    false|                 true|                  false|                   false|
|             2|2023-01-02|     4747.0|         3.0|    68.0| 3.725693427236653|     0.0|       0.0|       0.0|                 Low| 41.72108686196776| 2837.033906613808|                true|                false|                              false|                        true|                false|              false|                true|                  false|                  false|                           true|                  false|                   false|                         false|                    false|                false|                  false|                   false|
|             3|2023-01-02|      227.0|         5.0|    49.0|3.8918202981106265|     0.0|       0.0|       0.0|                High|136.61322857985922| 6694.048200413102|                true|                false|                              false|                        true|                false|               true|               false|                  false|                  false|                          false|                  false|                    true|                         false|                    false|                false|                  false|                   false|
|             5|2023-01-02|     3938.0|         5.0|   203.0| 5.313205979041787|     0.0|       0.0|       0.0|                High|136.61322857985922|27732.485401711423|                true|                false|                              false|                        true|                false|               true|               false|                  false|                  false|                          false|                  false|                    true|                         false|                    false|                false|                  false|                   false|
|             6|2023-01-02|     1513.0|         5.0|   114.0| 4.736198448394496|     0.0|       0.0|       0.0|                High|136.61322857985922|15573.908058103952|                true|                false|                              false|                        true|                false|               true|               false|                  false|                  false|                          false|                  false|                    true|                         false|                    false|                false|                  false|                   false|
+--------------+----------+-----------+------------+--------+------------------+--------+----------+----------+--------------------+------------------+------------------+--------------------+---------------------+-----------------------------------+----------------------------+---------------------+-------------------+--------------------+-----------------------+-----------------------+-------------------------------+-----------------------+------------------------+------------------------------+-------------------------+---------------------+-----------------------+------------------------+
only showing top 5 rows
[2025-12-14T09:22:44.535+0000] {logging_mixin.py:190} INFO - +------------+--------------------+
|stock_ticker|total_trading_volume|
+------------+--------------------+
|        NULL|                NULL|
|      STK1.0|              2038.0|
|      STK10.|             67795.0|
|      STK11.|             13251.0|
|      STK12.|            201587.0|
|      STK13.|             77172.0|
|      STK14.|               748.0|
|      STK15.|              1608.0|
|      STK16.|              1348.0|
|      STK17.|             17231.0|
|      STK18.|             76082.0|
|      STK19.|             18212.0|
|      STK2.0|              2494.0|
|      STK20.|             24303.0|
|      STK3.0|              5014.0|
|      STK4.0|              1737.0|
|      STK5.0|              3313.0|
|      STK6.0|            299750.0|
|      STK7.0|             14940.0|
|      STK8.0|             51021.0|
+------------+--------------------+
only showing top 20 rows
[2025-12-14T09:22:44.536+0000] {logging_mixin.py:190} INFO - Saving 'spark_analytics_1' to Postgres...
[2025-12-14T09:22:45.092+0000] {logging_mixin.py:190} INFO - Saved 'spark_analytics_1' successfully!
[2025-12-14T09:22:45.420+0000] {logging_mixin.py:190} INFO - +------------+------------------+
|stock_sector|     average_price|
+------------+------------------+
|      Energy|100.68606063181437|
|  Healthcare|161.61907205822328|
|     Finance| 79.15261360911413|
|    Consumer| 215.7919257061931|
|       Other|              NULL|
|  Technology| 151.4269417645106|
+------------+------------------+
[2025-12-14T09:22:45.424+0000] {logging_mixin.py:190} INFO - Saving 'spark_analytics_2' to Postgres...
[2025-12-14T09:22:45.693+0000] {logging_mixin.py:190} INFO - Saved 'spark_analytics_2' successfully!
[2025-12-14T09:22:45.906+0000] {logging_mixin.py:190} INFO - +----------------+-----+
|transaction_type|count|
+----------------+-----+
+----------------+-----+
[2025-12-14T09:22:45.906+0000] {logging_mixin.py:190} INFO - Saving 'spark_analytics_3' to Postgres...
[2025-12-14T09:22:46.037+0000] {logging_mixin.py:190} INFO - Saved 'spark_analytics_3' successfully!
[2025-12-14T09:22:46.521+0000] {logging_mixin.py:190} INFO - +-----------+-----------------+
|customer_id|transaction_count|
+-----------+-----------------+
|     4700.0|               18|
|      653.0|               11|
|     3339.0|               28|
|      845.0|               72|
|     1438.0|               11|
|      182.0|               54|
|     1513.0|              137|
|     2707.0|               14|
|     3588.0|              202|
|     4955.0|              335|
|     2426.0|               40|
|     3498.0|               15|
|     2461.0|               11|
|     4023.0|               61|
|     1494.0|               16|
|     3812.0|               13|
|      193.0|              144|
|      192.0|               17|
|     4747.0|              626|
|     4519.0|               93|
+-----------+-----------------+
only showing top 20 rows
[2025-12-14T09:22:46.525+0000] {logging_mixin.py:190} INFO - Saving 'spark_analytics_4' to Postgres...
[2025-12-14T09:22:54.881+0000] {job.py:229} INFO - Heartbeat recovered after 10.99 seconds
[2025-12-14T09:22:55.533+0000] {logging_mixin.py:190} INFO - Saved 'spark_analytics_4' successfully!
[2025-12-14T09:22:56.548+0000] {logging_mixin.py:190} INFO - +--------+--------------------+
|day_name|        total_amount|
+--------+--------------------+
|     3.0| 4.179231885978102E7|
|     2.0| 3.963778131768408E7|
|     0.0|3.8351360769097306E7|
|     4.0| 3.680327438182324E7|
|     1.0| 3.267119448223584E7|
|       0|   7255782.268582666|
|       2|  6458350.5532273725|
|       4|     5542737.3421807|
|       1|    4418469.42440344|
|       3|   3310510.371880288|
|   False|                NULL|
|    NULL|                NULL|
+--------+--------------------+
[2025-12-14T09:22:56.551+0000] {logging_mixin.py:190} INFO - Saving 'spark_analytics_5' to Postgres...
[2025-12-14T09:22:59.707+0000] {logging_mixin.py:190} INFO - Saved 'spark_analytics_5' successfully!
[2025-12-14T09:23:03.813+0000] {logging_mixin.py:190} INFO - +------------+--------------+
|stock_ticker|total_quantity|
+------------+--------------+
|      STK6.0|      444202.0|
|      STK12.|      300893.0|
|      STK9.0|      242498.0|
|      STK13.|      121926.0|
|      STK18.|      104703.0|
+------------+--------------+
[2025-12-14T09:23:03.818+0000] {logging_mixin.py:190} INFO - Saving 'spark_sql_1' to Postgres...
[2025-12-14T09:23:12.498+0000] {job.py:229} INFO - Heartbeat recovered after 17.62 seconds
[2025-12-14T09:23:12.631+0000] {logging_mixin.py:190} INFO - Saved 'spark_sql_1' successfully!
[2025-12-14T09:23:12.645+0000] {clientserver.py:538} INFO - Error while receiving.
Traceback (most recent call last):
  File "/home/airflow/.local/lib/python3.12/site-packages/py4j/clientserver.py", line 516, in send_command
    raise Py4JNetworkError("Answer from Java side is empty")
py4j.protocol.Py4JNetworkError: Answer from Java side is empty
[2025-12-14T09:23:12.653+0000] {clientserver.py:543} INFO - Closing down clientserver connection
[2025-12-14T09:23:12.655+0000] {java_gateway.py:1055} ERROR - Exception while sending command.
Traceback (most recent call last):
  File "/home/airflow/.local/lib/python3.12/site-packages/py4j/clientserver.py", line 516, in send_command
    raise Py4JNetworkError("Answer from Java side is empty")
py4j.protocol.Py4JNetworkError: Answer from Java side is empty

During handling of the above exception, another exception occurred:

Traceback (most recent call last):
  File "/home/airflow/.local/lib/python3.12/site-packages/py4j/java_gateway.py", line 1038, in send_command
    response = connection.send_command(command)
               ^^^^^^^^^^^^^^^^^^^^^^^^^^^^^^^^
  File "/home/airflow/.local/lib/python3.12/site-packages/py4j/clientserver.py", line 539, in send_command
    raise Py4JNetworkError(
py4j.protocol.Py4JNetworkError: Error while sending or receiving
[2025-12-14T09:23:12.660+0000] {clientserver.py:543} INFO - Closing down clientserver connection
[2025-12-14T09:23:12.662+0000] {logging_mixin.py:190} INFO - ERROR: An unexpected error occurred during Spark analytics: PythonUtils does not exist in the JVM
[2025-12-14T09:23:12.662+0000] {logging_mixin.py:190} INFO - Stopping SparkSession...
[2025-12-14T09:23:12.664+0000] {clientserver.py:543} INFO - Closing down clientserver connection
[2025-12-14T09:23:12.666+0000] {logging_mixin.py:190} INFO - WARNING: Failed to stop SparkSession: [Errno 111] Connection refused
[2025-12-14T09:23:12.668+0000] {clientserver.py:543} INFO - Closing down clientserver connection
[2025-12-14T09:23:12.671+0000] {python.py:240} INFO - Done. Returned value was: None
[2025-12-14T09:23:12.748+0000] {taskinstance.py:340} INFO - ::group::Post task execution logs
[2025-12-14T09:23:12.753+0000] {taskinstance.py:352} INFO - Marking task as SUCCESS. dag_id=stock_portfolio_pipeline_datafrogs, task_id=run_spark_analytics, run_id=manual__2025-12-14T09:21:10.391900+00:00, execution_date=20251214T092110, start_date=20251214T092203, end_date=20251214T092312
[2025-12-14T09:23:12.828+0000] {local_task_job_runner.py:266} INFO - Task exited with return code 0
[2025-12-14T09:23:12.876+0000] {taskinstance.py:3895} INFO - 2 downstream tasks scheduled from follow-on schedule check
[2025-12-14T09:23:12.891+0000] {local_task_job_runner.py:245} INFO - ::endgroup::
