[2025-12-14T10:04:49.710+0000] {local_task_job_runner.py:123} INFO - ::group::Pre task execution logs
[2025-12-14T10:04:49.723+0000] {taskinstance.py:2613} INFO - Dependencies all met for dep_context=non-requeueable deps ti=<TaskInstance: stock_portfolio_pipeline_datafrogs.run_spark_analytics manual__2025-12-14T10:04:10.593006+00:00 [queued]>
[2025-12-14T10:04:49.728+0000] {taskinstance.py:2613} INFO - Dependencies all met for dep_context=requeueable deps ti=<TaskInstance: stock_portfolio_pipeline_datafrogs.run_spark_analytics manual__2025-12-14T10:04:10.593006+00:00 [queued]>
[2025-12-14T10:04:49.728+0000] {taskinstance.py:2866} INFO - Starting attempt 1 of 2
[2025-12-14T10:04:49.735+0000] {taskinstance.py:2889} INFO - Executing <Task(PythonOperator): run_spark_analytics> on 2025-12-14 10:04:10.593006+00:00
[2025-12-14T10:04:49.745+0000] {warnings.py:112} WARNING - /home/***/.local/lib/python3.12/site-packages/***/task/task_runner/standard_task_runner.py:70: DeprecationWarning: This process (pid=6160) is multi-threaded, use of fork() may lead to deadlocks in the child.
  pid = os.fork()

[2025-12-14T10:04:49.746+0000] {standard_task_runner.py:72} INFO - Started process 6167 to run task
[2025-12-14T10:04:49.747+0000] {standard_task_runner.py:104} INFO - Running: ['***', 'tasks', 'run', 'stock_portfolio_pipeline_datafrogs', 'run_spark_analytics', 'manual__2025-12-14T10:04:10.593006+00:00', '--job-id', '144', '--raw', '--subdir', 'DAGS_FOLDER/***.py', '--cfg-path', '/tmp/tmppioorfya']
[2025-12-14T10:04:49.751+0000] {standard_task_runner.py:105} INFO - Job 144: Subtask run_spark_analytics
[2025-12-14T10:04:49.780+0000] {task_command.py:467} INFO - Running <TaskInstance: stock_portfolio_pipeline_datafrogs.run_spark_analytics manual__2025-12-14T10:04:10.593006+00:00 [running]> on host 179bab7085b3
[2025-12-14T10:04:49.845+0000] {taskinstance.py:3132} INFO - Exporting env vars: AIRFLOW_CTX_DAG_OWNER='data_engineering_team' AIRFLOW_CTX_DAG_ID='stock_portfolio_pipeline_datafrogs' AIRFLOW_CTX_TASK_ID='run_spark_analytics' AIRFLOW_CTX_EXECUTION_DATE='2025-12-14T10:04:10.593006+00:00' AIRFLOW_CTX_TRY_NUMBER='1' AIRFLOW_CTX_DAG_RUN_ID='manual__2025-12-14T10:04:10.593006+00:00'
[2025-12-14T10:04:49.847+0000] {taskinstance.py:731} INFO - ::endgroup::
[2025-12-14T10:04:49.860+0000] {logging_mixin.py:190} INFO - === Starting Spark Analytics Task ===
[2025-12-14T10:04:49.860+0000] {logging_mixin.py:190} INFO - No existing SparkContext found, continuing.
[2025-12-14T10:04:49.860+0000] {logging_mixin.py:190} INFO - Attempting to create SparkSession...
[2025-12-14T10:04:53.412+0000] {logging_mixin.py:190} INFO - SparkSession created successfully.
[2025-12-14T10:04:53.415+0000] {logging_mixin.py:190} INFO - Checking for file at: /opt/***/data/streaming_dataset/full_stocks.csv
[2025-12-14T10:04:53.416+0000] {logging_mixin.py:190} INFO - SUCCESS: File found.
[2025-12-14T10:05:52.567+0000] {job.py:239} ERROR - Job heartbeat failed with error
Traceback (most recent call last):
  File "/home/airflow/.local/lib/python3.12/site-packages/sqlalchemy/engine/base.py", line 3371, in _wrap_pool_connect
    return fn()
           ^^^^
  File "/home/airflow/.local/lib/python3.12/site-packages/sqlalchemy/pool/base.py", line 327, in connect
    return _ConnectionFairy._checkout(self)
           ^^^^^^^^^^^^^^^^^^^^^^^^^^^^^^^^
  File "/home/airflow/.local/lib/python3.12/site-packages/sqlalchemy/pool/base.py", line 894, in _checkout
    fairy = _ConnectionRecord.checkout(pool)
            ^^^^^^^^^^^^^^^^^^^^^^^^^^^^^^^^
  File "/home/airflow/.local/lib/python3.12/site-packages/sqlalchemy/pool/base.py", line 493, in checkout
    rec = pool._do_get()
          ^^^^^^^^^^^^^^
  File "/home/airflow/.local/lib/python3.12/site-packages/sqlalchemy/pool/impl.py", line 256, in _do_get
    return self._create_connection()
           ^^^^^^^^^^^^^^^^^^^^^^^^^
  File "/home/airflow/.local/lib/python3.12/site-packages/sqlalchemy/pool/base.py", line 273, in _create_connection
    return _ConnectionRecord(self)
           ^^^^^^^^^^^^^^^^^^^^^^^
  File "/home/airflow/.local/lib/python3.12/site-packages/sqlalchemy/pool/base.py", line 388, in __init__
    self.__connect()
  File "/home/airflow/.local/lib/python3.12/site-packages/sqlalchemy/pool/base.py", line 690, in __connect
    with util.safe_reraise():
         ^^^^^^^^^^^^^^^^^^^
  File "/home/airflow/.local/lib/python3.12/site-packages/sqlalchemy/util/langhelpers.py", line 70, in __exit__
    compat.raise_(
  File "/home/airflow/.local/lib/python3.12/site-packages/sqlalchemy/util/compat.py", line 211, in raise_
    raise exception
  File "/home/airflow/.local/lib/python3.12/site-packages/sqlalchemy/pool/base.py", line 686, in __connect
    self.dbapi_connection = connection = pool._invoke_creator(self)
                                         ^^^^^^^^^^^^^^^^^^^^^^^^^^
  File "/home/airflow/.local/lib/python3.12/site-packages/sqlalchemy/engine/create.py", line 574, in connect
    return dialect.connect(*cargs, **cparams)
           ^^^^^^^^^^^^^^^^^^^^^^^^^^^^^^^^^^
  File "/home/airflow/.local/lib/python3.12/site-packages/sqlalchemy/engine/default.py", line 598, in connect
    return self.dbapi.connect(*cargs, **cparams)
           ^^^^^^^^^^^^^^^^^^^^^^^^^^^^^^^^^^^^^
  File "/home/airflow/.local/lib/python3.12/site-packages/psycopg2/__init__.py", line 122, in connect
    conn = _connect(dsn, connection_factory=connection_factory, **kwasync)
           ^^^^^^^^^^^^^^^^^^^^^^^^^^^^^^^^^^^^^^^^^^^^^^^^^^^^^^^^^^^^^^^
psycopg2.OperationalError: could not translate host name "postgres" to address: Temporary failure in name resolution


The above exception was the direct cause of the following exception:

Traceback (most recent call last):
  File "/home/airflow/.local/lib/python3.12/site-packages/airflow/jobs/job.py", line 207, in heartbeat
    self._merge_from(Job._fetch_from_db(self, session))
                     ^^^^^^^^^^^^^^^^^^^^^^^^^^^^^^^^^
  File "/home/airflow/.local/lib/python3.12/site-packages/airflow/api_internal/internal_api_call.py", line 166, in wrapper
    return func(*args, **kwargs)
           ^^^^^^^^^^^^^^^^^^^^^
  File "/home/airflow/.local/lib/python3.12/site-packages/airflow/utils/session.py", line 94, in wrapper
    return func(*args, **kwargs)
           ^^^^^^^^^^^^^^^^^^^^^
  File "/home/airflow/.local/lib/python3.12/site-packages/airflow/utils/retries.py", line 93, in wrapped_function
    for attempt in run_with_db_retries(max_retries=retries, logger=logger, **retry_kwargs):
                   ^^^^^^^^^^^^^^^^^^^^^^^^^^^^^^^^^^^^^^^^^^^^^^^^^^^^^^^^^^^^^^^^^^^^^^^
  File "/home/airflow/.local/lib/python3.12/site-packages/tenacity/__init__.py", line 443, in __iter__
    do = self.iter(retry_state=retry_state)
         ^^^^^^^^^^^^^^^^^^^^^^^^^^^^^^^^^^
  File "/home/airflow/.local/lib/python3.12/site-packages/tenacity/__init__.py", line 376, in iter
    result = action(retry_state)
             ^^^^^^^^^^^^^^^^^^^
  File "/home/airflow/.local/lib/python3.12/site-packages/tenacity/__init__.py", line 418, in exc_check
    raise retry_exc.reraise()
          ^^^^^^^^^^^^^^^^^^^
  File "/home/airflow/.local/lib/python3.12/site-packages/tenacity/__init__.py", line 185, in reraise
    raise self.last_attempt.result()
          ^^^^^^^^^^^^^^^^^^^^^^^^^^
  File "/usr/local/lib/python3.12/concurrent/futures/_base.py", line 449, in result
    return self.__get_result()
           ^^^^^^^^^^^^^^^^^^^
  File "/usr/local/lib/python3.12/concurrent/futures/_base.py", line 401, in __get_result
    raise self._exception
  File "/home/airflow/.local/lib/python3.12/site-packages/airflow/utils/retries.py", line 102, in wrapped_function
    return func(*args, **kwargs)
           ^^^^^^^^^^^^^^^^^^^^^
  File "/home/airflow/.local/lib/python3.12/site-packages/airflow/jobs/job.py", line 335, in _fetch_from_db
    session.merge(job)
  File "/home/airflow/.local/lib/python3.12/site-packages/sqlalchemy/orm/session.py", line 3056, in merge
    return self._merge(
           ^^^^^^^^^^^^
  File "/home/airflow/.local/lib/python3.12/site-packages/sqlalchemy/orm/session.py", line 3136, in _merge
    merged = self.get(
             ^^^^^^^^^
  File "/home/airflow/.local/lib/python3.12/site-packages/sqlalchemy/orm/session.py", line 2853, in get
    return self._get_impl(
           ^^^^^^^^^^^^^^^
  File "/home/airflow/.local/lib/python3.12/site-packages/sqlalchemy/orm/session.py", line 2975, in _get_impl
    return db_load_fn(
           ^^^^^^^^^^^
  File "/home/airflow/.local/lib/python3.12/site-packages/sqlalchemy/orm/loading.py", line 530, in load_on_pk_identity
    session.execute(
  File "/home/airflow/.local/lib/python3.12/site-packages/sqlalchemy/orm/session.py", line 1716, in execute
    conn = self._connection_for_bind(bind)
           ^^^^^^^^^^^^^^^^^^^^^^^^^^^^^^^
  File "/home/airflow/.local/lib/python3.12/site-packages/sqlalchemy/orm/session.py", line 1555, in _connection_for_bind
    return self._transaction._connection_for_bind(
           ^^^^^^^^^^^^^^^^^^^^^^^^^^^^^^^^^^^^^^^
  File "/home/airflow/.local/lib/python3.12/site-packages/sqlalchemy/orm/session.py", line 750, in _connection_for_bind
    conn = bind.connect()
           ^^^^^^^^^^^^^^
  File "/home/airflow/.local/lib/python3.12/site-packages/sqlalchemy/future/engine.py", line 412, in connect
    return super(Engine, self).connect()
           ^^^^^^^^^^^^^^^^^^^^^^^^^^^^^
  File "/home/airflow/.local/lib/python3.12/site-packages/sqlalchemy/engine/base.py", line 3325, in connect
    return self._connection_cls(self, close_with_result=close_with_result)
           ^^^^^^^^^^^^^^^^^^^^^^^^^^^^^^^^^^^^^^^^^^^^^^^^^^^^^^^^^^^^^^^
  File "/home/airflow/.local/lib/python3.12/site-packages/sqlalchemy/engine/base.py", line 96, in __init__
    else engine.raw_connection()
         ^^^^^^^^^^^^^^^^^^^^^^^
  File "/home/airflow/.local/lib/python3.12/site-packages/sqlalchemy/engine/base.py", line 3404, in raw_connection
    return self._wrap_pool_connect(self.pool.connect, _connection)
           ^^^^^^^^^^^^^^^^^^^^^^^^^^^^^^^^^^^^^^^^^^^^^^^^^^^^^^^
  File "/home/airflow/.local/lib/python3.12/site-packages/sqlalchemy/engine/base.py", line 3374, in _wrap_pool_connect
    Connection._handle_dbapi_exception_noconnection(
  File "/home/airflow/.local/lib/python3.12/site-packages/sqlalchemy/engine/base.py", line 2208, in _handle_dbapi_exception_noconnection
    util.raise_(
  File "/home/airflow/.local/lib/python3.12/site-packages/sqlalchemy/util/compat.py", line 211, in raise_
    raise exception
  File "/home/airflow/.local/lib/python3.12/site-packages/sqlalchemy/engine/base.py", line 3371, in _wrap_pool_connect
    return fn()
           ^^^^
  File "/home/airflow/.local/lib/python3.12/site-packages/sqlalchemy/pool/base.py", line 327, in connect
    return _ConnectionFairy._checkout(self)
           ^^^^^^^^^^^^^^^^^^^^^^^^^^^^^^^^
  File "/home/airflow/.local/lib/python3.12/site-packages/sqlalchemy/pool/base.py", line 894, in _checkout
    fairy = _ConnectionRecord.checkout(pool)
            ^^^^^^^^^^^^^^^^^^^^^^^^^^^^^^^^
  File "/home/airflow/.local/lib/python3.12/site-packages/sqlalchemy/pool/base.py", line 493, in checkout
    rec = pool._do_get()
          ^^^^^^^^^^^^^^
  File "/home/airflow/.local/lib/python3.12/site-packages/sqlalchemy/pool/impl.py", line 256, in _do_get
    return self._create_connection()
           ^^^^^^^^^^^^^^^^^^^^^^^^^
  File "/home/airflow/.local/lib/python3.12/site-packages/sqlalchemy/pool/base.py", line 273, in _create_connection
    return _ConnectionRecord(self)
           ^^^^^^^^^^^^^^^^^^^^^^^
  File "/home/airflow/.local/lib/python3.12/site-packages/sqlalchemy/pool/base.py", line 388, in __init__
    self.__connect()
  File "/home/airflow/.local/lib/python3.12/site-packages/sqlalchemy/pool/base.py", line 690, in __connect
    with util.safe_reraise():
         ^^^^^^^^^^^^^^^^^^^
  File "/home/airflow/.local/lib/python3.12/site-packages/sqlalchemy/util/langhelpers.py", line 70, in __exit__
    compat.raise_(
  File "/home/airflow/.local/lib/python3.12/site-packages/sqlalchemy/util/compat.py", line 211, in raise_
    raise exception
  File "/home/airflow/.local/lib/python3.12/site-packages/sqlalchemy/pool/base.py", line 686, in __connect
    self.dbapi_connection = connection = pool._invoke_creator(self)
                                         ^^^^^^^^^^^^^^^^^^^^^^^^^^
  File "/home/airflow/.local/lib/python3.12/site-packages/sqlalchemy/engine/create.py", line 574, in connect
    return dialect.connect(*cargs, **cparams)
           ^^^^^^^^^^^^^^^^^^^^^^^^^^^^^^^^^^
  File "/home/airflow/.local/lib/python3.12/site-packages/sqlalchemy/engine/default.py", line 598, in connect
    return self.dbapi.connect(*cargs, **cparams)
           ^^^^^^^^^^^^^^^^^^^^^^^^^^^^^^^^^^^^^
  File "/home/airflow/.local/lib/python3.12/site-packages/psycopg2/__init__.py", line 122, in connect
    conn = _connect(dsn, connection_factory=connection_factory, **kwasync)
           ^^^^^^^^^^^^^^^^^^^^^^^^^^^^^^^^^^^^^^^^^^^^^^^^^^^^^^^^^^^^^^^
sqlalchemy.exc.OperationalError: (psycopg2.OperationalError) could not translate host name "postgres" to address: Temporary failure in name resolution

(Background on this error at: https://sqlalche.me/e/14/e3q8)
[2025-12-14T10:06:01.398+0000] {job.py:254} ERROR - Job heartbeat failed with error. Scheduler is in unhealthy state
[2025-12-14T10:06:05.102+0000] {logging_mixin.py:190} INFO - CSV loaded successfully, showing first 5 rows:
[2025-12-14T10:06:05.828+0000] {logging_mixin.py:190} INFO - +--------------+----------+-----------+------------+--------+------------------+--------+----------+----------+--------------------+------------------+------------------+--------------------+---------------------+-----------------------------------+----------------------------+---------------------+-------------------+--------------------+-----------------------+-----------------------+-------------------------------+-----------------------+------------------------+------------------------------+-------------------------+---------------------+-----------------------+------------------------+
|transaction_id| timestamp|customer_id|stock_ticker|quantity|average_trade_size|day_name|is_weekend|is_holiday|stock_liquidity_tier|       stock_price|total_trade_amount|transaction_type_BUY|transaction_type_SELL|customer_account_type_Institutional|customer_account_type_Retail|stock_sector_Consumer|stock_sector_Energy|stock_sector_Finance|stock_sector_Healthcare|stock_sector_Technology|stock_industry_Asset Management|stock_industry_Hardware|stock_industry_Oil & Gas|stock_industry_Pharmaceuticals|stock_industry_Renewables|stock_industry_Retail|stock_industry_Software|stock_industry_Utilities|
+--------------+----------+-----------+------------+--------+------------------+--------+----------+----------+--------------------+------------------+------------------+--------------------+---------------------+-----------------------------------+----------------------------+---------------------+-------------------+--------------------+-----------------------+-----------------------+-------------------------------+-----------------------+------------------------+------------------------------+-------------------------+---------------------+-----------------------+------------------------+
|             1|2023-01-02|       4747|           1|      15|  2.70805020110221|       0|         0|         0|                 Low|143.73284741052294| 2155.992711157844|                true|                false|                              false|                        true|                 true|              false|               false|                  false|                  false|                          false|                  false|                   false|                         false|                    false|                 true|                  false|                   false|
|             2|2023-01-02|       4747|           3|      68| 3.725693427236653|       0|         0|         0|                 Low| 41.72108686196776| 2837.033906613808|                true|                false|                              false|                        true|                false|              false|                true|                  false|                  false|                           true|                  false|                   false|                         false|                    false|                false|                  false|                   false|
|             3|2023-01-02|        227|           5|      49|3.8918202981106265|       0|         0|         0|                High|136.61322857985922| 6694.048200413102|                true|                false|                              false|                        true|                false|               true|               false|                  false|                  false|                          false|                  false|                    true|                         false|                    false|                false|                  false|                   false|
|             5|2023-01-02|       3938|           5|     203| 5.313205979041787|       0|         0|         0|                High|136.61322857985922|27732.485401711423|                true|                false|                              false|                        true|                false|               true|               false|                  false|                  false|                          false|                  false|                    true|                         false|                    false|                false|                  false|                   false|
|             6|2023-01-02|       1513|           5|     114| 4.736198448394496|       0|         0|         0|                High|136.61322857985922|15573.908058103952|                true|                false|                              false|                        true|                false|               true|               false|                  false|                  false|                          false|                  false|                    true|                         false|                    false|                false|                  false|                   false|
+--------------+----------+-----------+------------+--------+------------------+--------+----------+----------+--------------------+------------------+------------------+--------------------+---------------------+-----------------------------------+----------------------------+---------------------+-------------------+--------------------+-----------------------+-----------------------+-------------------------------+-----------------------+------------------------+------------------------------+-------------------------+---------------------+-----------------------+------------------------+
only showing top 5 rows
[2025-12-14T10:06:06.608+0000] {job.py:229} INFO - Heartbeat recovered after 56.15 seconds
[2025-12-14T10:06:07.880+0000] {logging_mixin.py:190} INFO - +------------+--------------------+
|stock_ticker|total_trading_volume|
+------------+--------------------+
|      STK001|                 716|
|      STK002|                 453|
|      STK003|                1805|
|      STK004|                 180|
|      STK005|                 592|
|      STK006|               65849|
|      STK007|                4373|
|      STK008|               12241|
|      STK009|               29600|
|      STK010|               14792|
|      STK011|                1493|
|      STK012|               45077|
|      STK013|               18700|
|      STK014|                 159|
|      STK015|                 166|
|      STK016|                 425|
|      STK017|                4038|
|      STK018|               17952|
|      STK019|                4408|
|      STK020|                4206|
+------------+--------------------+
[2025-12-14T10:06:07.885+0000] {logging_mixin.py:190} INFO - Saving 'spark_analytics_1' to Postgres...
[2025-12-14T10:06:08.520+0000] {logging_mixin.py:190} INFO - Saved 'spark_analytics_1' successfully!
[2025-12-14T10:06:09.357+0000] {logging_mixin.py:190} INFO - +------------+------------------+
|stock_sector|     average_price|
+------------+------------------+
|      Energy| 101.0860565826924|
|  Healthcare|150.66307890062504|
|     Finance| 79.31721498439434|
|    Consumer| 213.1681225455499|
|  Technology|153.16880553005666|
+------------+------------------+
[2025-12-14T10:06:09.367+0000] {logging_mixin.py:190} INFO - Saving 'spark_analytics_2' to Postgres...
[2025-12-14T10:06:10.377+0000] {logging_mixin.py:190} INFO - Saved 'spark_analytics_2' successfully!
[2025-12-14T10:06:10.989+0000] {logging_mixin.py:190} INFO - +----------------+-----+
|transaction_type|count|
+----------------+-----+
+----------------+-----+
[2025-12-14T10:06:10.991+0000] {logging_mixin.py:190} INFO - Saving 'spark_analytics_3' to Postgres...
[2025-12-14T10:06:11.333+0000] {logging_mixin.py:190} INFO - Saved 'spark_analytics_3' successfully!
[2025-12-14T10:06:12.017+0000] {logging_mixin.py:190} INFO - +-----------+-----------------+
|customer_id|transaction_count|
+-----------+-----------------+
|       4519|              273|
|       1157|              210|
|       4697|               16|
|        193|              392|
|       1243|               13|
|       1816|               80|
|       4700|               59|
|       2871|               27|
|       2750|               13|
|        192|               39|
|       4354|               14|
|        336|               20|
|       2920|               18|
|        319|               17|
|       3498|               37|
|       4987|               11|
|        363|               14|
|        182|              150|
|        280|               14|
|        474|               59|
+-----------+-----------------+
only showing top 20 rows
[2025-12-14T10:06:12.018+0000] {logging_mixin.py:190} INFO - Saving 'spark_analytics_4' to Postgres...
[2025-12-14T10:06:13.120+0000] {logging_mixin.py:190} INFO - Saved 'spark_analytics_4' successfully!
[2025-12-14T10:06:13.936+0000] {logging_mixin.py:190} INFO - +--------+--------------------+
|day_name|        total_amount|
+--------+--------------------+
|       2| 4.368215251063387E7|
|       3| 4.285674747957262E7|
|       0| 4.214950673525454E7|
|       4| 4.100730700759947E7|
|       1|3.9166208037386246E7|
+--------+--------------------+
[2025-12-14T10:06:13.942+0000] {logging_mixin.py:190} INFO - Saving 'spark_analytics_5' to Postgres...
[2025-12-14T10:06:17.504+0000] {logging_mixin.py:190} INFO - Saved 'spark_analytics_5' successfully!
[2025-12-14T10:06:18.006+0000] {logging_mixin.py:190} INFO - +------------+--------------+
|stock_ticker|total_quantity|
+------------+--------------+
|      STK006|        211420|
|      STK012|        146667|
|      STK009|        107273|
|      STK018|         53756|
|      STK013|         53241|
+------------+--------------+
[2025-12-14T10:06:18.006+0000] {logging_mixin.py:190} INFO - Saving 'spark_sql_1' to Postgres...
[2025-12-14T10:06:18.375+0000] {logging_mixin.py:190} INFO - Saved 'spark_sql_1' successfully!
[2025-12-14T10:06:18.737+0000] {logging_mixin.py:190} INFO - +---------------------+------------------+
|customer_account_type|  avg_trade_amount|
+---------------------+------------------+
|        Institutional|25813.852828860538|
|               Retail|28722.631585923787|
+---------------------+------------------+
[2025-12-14T10:06:18.738+0000] {logging_mixin.py:190} INFO - Saving 'spark_sql_2' to Postgres...
[2025-12-14T10:06:19.437+0000] {logging_mixin.py:190} INFO - Saved 'spark_sql_2' successfully!
[2025-12-14T10:06:26.385+0000] {clientserver.py:538} INFO - Error while receiving.
Traceback (most recent call last):
  File "/home/airflow/.local/lib/python3.12/site-packages/py4j/clientserver.py", line 516, in send_command
    raise Py4JNetworkError("Answer from Java side is empty")
py4j.protocol.Py4JNetworkError: Answer from Java side is empty
[2025-12-14T10:06:26.434+0000] {clientserver.py:543} INFO - Closing down clientserver connection
[2025-12-14T10:06:26.436+0000] {java_gateway.py:1055} ERROR - Exception while sending command.
Traceback (most recent call last):
  File "/home/airflow/.local/lib/python3.12/site-packages/py4j/clientserver.py", line 516, in send_command
    raise Py4JNetworkError("Answer from Java side is empty")
py4j.protocol.Py4JNetworkError: Answer from Java side is empty

During handling of the above exception, another exception occurred:

Traceback (most recent call last):
  File "/home/airflow/.local/lib/python3.12/site-packages/py4j/java_gateway.py", line 1038, in send_command
    response = connection.send_command(command)
               ^^^^^^^^^^^^^^^^^^^^^^^^^^^^^^^^
  File "/home/airflow/.local/lib/python3.12/site-packages/py4j/clientserver.py", line 539, in send_command
    raise Py4JNetworkError(
py4j.protocol.Py4JNetworkError: Error while sending or receiving
[2025-12-14T10:06:26.446+0000] {clientserver.py:543} INFO - Closing down clientserver connection
[2025-12-14T10:06:26.453+0000] {logging_mixin.py:190} INFO - ERROR in spark_sql_3: An error occurred while calling o167.showString
[2025-12-14T10:06:26.456+0000] {clientserver.py:543} INFO - Closing down clientserver connection
[2025-12-14T10:06:26.460+0000] {logging_mixin.py:190} INFO - ERROR in spark_sql_4: [Errno 111] Connection refused
[2025-12-14T10:06:26.462+0000] {clientserver.py:543} INFO - Closing down clientserver connection
[2025-12-14T10:06:26.475+0000] {clientserver.py:543} INFO - Closing down clientserver connection
[2025-12-14T10:06:26.476+0000] {logging_mixin.py:190} INFO - ERROR in spark_sql_5: [Errno 111] Connection refused
[2025-12-14T10:06:26.476+0000] {clientserver.py:543} INFO - Closing down clientserver connection
[2025-12-14T10:06:26.477+0000] {logging_mixin.py:190} INFO - === Spark Analytics Task Completed ===
[2025-12-14T10:06:26.488+0000] {logging_mixin.py:190} INFO - Stopping SparkSession...
[2025-12-14T10:06:26.490+0000] {clientserver.py:543} INFO - Closing down clientserver connection
[2025-12-14T10:06:26.494+0000] {logging_mixin.py:190} INFO - WARNING: Failed to stop SparkSession: [Errno 111] Connection refused
[2025-12-14T10:06:26.497+0000] {clientserver.py:543} INFO - Closing down clientserver connection
[2025-12-14T10:06:26.500+0000] {python.py:240} INFO - Done. Returned value was: None
[2025-12-14T10:06:26.877+0000] {taskinstance.py:340} INFO - ::group::Post task execution logs
[2025-12-14T10:06:26.889+0000] {taskinstance.py:352} INFO - Marking task as SUCCESS. dag_id=stock_portfolio_pipeline_datafrogs, task_id=run_spark_analytics, run_id=manual__2025-12-14T10:04:10.593006+00:00, execution_date=20251214T100410, start_date=20251214T100449, end_date=20251214T100626
[2025-12-14T10:06:27.117+0000] {local_task_job_runner.py:266} INFO - Task exited with return code 0
[2025-12-14T10:06:27.269+0000] {taskinstance.py:3895} INFO - 2 downstream tasks scheduled from follow-on schedule check
[2025-12-14T10:06:27.279+0000] {local_task_job_runner.py:245} INFO - ::endgroup::
