[2025-12-13T17:54:21.977+0000] {local_task_job_runner.py:123} INFO - ::group::Pre task execution logs
[2025-12-13T17:54:22.009+0000] {taskinstance.py:2613} INFO - Dependencies all met for dep_context=non-requeueable deps ti=<TaskInstance: stock_portfolio_pipeline_datafrogs.clean_missing_values manual__2025-12-13T17:54:17.484782+00:00 [queued]>
[2025-12-13T17:54:22.025+0000] {taskinstance.py:2613} INFO - Dependencies all met for dep_context=requeueable deps ti=<TaskInstance: stock_portfolio_pipeline_datafrogs.clean_missing_values manual__2025-12-13T17:54:17.484782+00:00 [queued]>
[2025-12-13T17:54:22.026+0000] {taskinstance.py:2866} INFO - Starting attempt 1 of 2
[2025-12-13T17:54:22.047+0000] {taskinstance.py:2889} INFO - Executing <Task(PythonOperator): clean_missing_values> on 2025-12-13 17:54:17.484782+00:00
[2025-12-13T17:54:22.069+0000] {warnings.py:112} WARNING - /home/***/.local/lib/python3.12/site-packages/***/task/task_runner/standard_task_runner.py:70: DeprecationWarning: This process (pid=686) is multi-threaded, use of fork() may lead to deadlocks in the child.
  pid = os.fork()

[2025-12-13T17:54:22.072+0000] {standard_task_runner.py:72} INFO - Started process 712 to run task
[2025-12-13T17:54:22.072+0000] {standard_task_runner.py:104} INFO - Running: ['***', 'tasks', 'run', 'stock_portfolio_pipeline_datafrogs', 'clean_missing_values', 'manual__2025-12-13T17:54:17.484782+00:00', '--job-id', '89', '--raw', '--subdir', 'DAGS_FOLDER/***.py', '--cfg-path', '/tmp/tmpmthonaq2']
[2025-12-13T17:54:22.078+0000] {standard_task_runner.py:105} INFO - Job 89: Subtask clean_missing_values
[2025-12-13T17:54:22.240+0000] {task_command.py:467} INFO - Running <TaskInstance: stock_portfolio_pipeline_datafrogs.clean_missing_values manual__2025-12-13T17:54:17.484782+00:00 [running]> on host 686b42cad89b
[2025-12-13T17:54:39.848+0000] {job.py:229} INFO - Heartbeat recovered after 17.93 seconds
[2025-12-13T17:54:39.885+0000] {taskinstance.py:3132} INFO - Exporting env vars: AIRFLOW_CTX_DAG_OWNER='data_engineering_team' AIRFLOW_CTX_DAG_ID='stock_portfolio_pipeline_datafrogs' AIRFLOW_CTX_TASK_ID='clean_missing_values' AIRFLOW_CTX_EXECUTION_DATE='2025-12-13T17:54:17.484782+00:00' AIRFLOW_CTX_TRY_NUMBER='1' AIRFLOW_CTX_DAG_RUN_ID='manual__2025-12-13T17:54:17.484782+00:00'
[2025-12-13T17:54:39.889+0000] {taskinstance.py:731} INFO - ::endgroup::
[2025-12-13T17:54:39.967+0000] {logging_mixin.py:190} INFO - ['STK001', 'STK004', 'STK009', 'STK012', 'STK019', 'STK020']
[2025-12-13T17:54:39.969+0000] {logging_mixin.py:190} INFO - 
--- 1. Cleaning Daily Trade Prices (Median Imputation) ---
[2025-12-13T17:54:40.001+0000] {logging_mixin.py:190} INFO - before: 0      130.215257
1      127.931982
2      126.531338
3      127.837687
4      127.140842
          ...    
499     69.335735
500     68.121566
501           NaN
502     65.273747
503     64.339639
Name: STK001, Length: 504, dtype: float64
[2025-12-13T17:54:40.041+0000] {logging_mixin.py:190} INFO - after: 0      130.215257
1      127.931982
2      126.531338
3      127.837687
4      127.140842
          ...    
499     69.335735
500     68.121566
501     59.600556
502     65.273747
503     64.339639
Name: STK001, Length: 504, dtype: float64
[2025-12-13T17:54:40.063+0000] {logging_mixin.py:190} INFO - before: 0       41.721087
1       42.372205
2       43.273956
3       43.307331
4       46.389494
          ...    
499    128.916005
500    130.281550
501    140.893661
502    139.516773
503    127.306615
Name: STK004, Length: 504, dtype: float64
[2025-12-13T17:54:40.093+0000] {logging_mixin.py:190} INFO - after: 0       41.721087
1       42.372205
2       43.273956
3       43.307331
4       46.389494
          ...    
499    128.916005
500    130.281550
501    140.893661
502    139.516773
503    127.306615
Name: STK004, Length: 504, dtype: float64
[2025-12-13T17:54:40.098+0000] {logging_mixin.py:190} INFO - before: 0      190.646814
1      188.642260
2      199.054913
3             NaN
4      203.068155
          ...    
499    470.879578
500    461.878269
501    468.931740
502    496.564161
503    481.856328
Name: STK009, Length: 504, dtype: float64
[2025-12-13T17:54:40.104+0000] {logging_mixin.py:190} INFO - after: 0      190.646814
1      188.642260
2      199.054913
3      377.454388
4      203.068155
          ...    
499    470.879578
500    461.878269
501    468.931740
502    496.564161
503    481.856328
Name: STK009, Length: 504, dtype: float64
[2025-12-13T17:54:40.105+0000] {logging_mixin.py:190} INFO - before: 0      30.019335
1            NaN
2      28.336211
3      27.706730
4      27.283299
         ...    
499     6.487325
500     6.159503
501     6.250882
502     6.332681
503     6.292752
Name: STK012, Length: 504, dtype: float64
[2025-12-13T17:54:40.115+0000] {logging_mixin.py:190} INFO - after: 0      30.019335
1      12.273066
2      28.336211
3      27.706730
4      27.283299
         ...    
499     6.487325
500     6.159503
501     6.250882
502     6.332681
503     6.292752
Name: STK012, Length: 504, dtype: float64
[2025-12-13T17:54:40.152+0000] {logging_mixin.py:190} INFO - before: 0      92.218536
1      93.324523
2      93.996184
3      92.687024
4      88.463448
         ...    
499    44.001697
500    42.214965
501          NaN
502    44.198919
503    44.721075
Name: STK019, Length: 504, dtype: float64
[2025-12-13T17:54:40.234+0000] {logging_mixin.py:190} INFO - after: 0      92.218536
1      93.324523
2      93.996184
3      92.687024
4      88.463448
         ...    
499    44.001697
500    42.214965
501    45.974139
502    44.198919
503    44.721075
Name: STK019, Length: 504, dtype: float64
[2025-12-13T17:54:40.347+0000] {logging_mixin.py:190} INFO - before: 0      96.962925
1            NaN
2      96.034921
3      96.281810
4      97.103757
         ...    
499    62.094238
500    61.431741
501    60.360109
502    60.752276
503    60.821082
Name: STK020, Length: 504, dtype: float64
[2025-12-13T17:54:40.376+0000] {logging_mixin.py:190} INFO - after: 0      96.962925
1      58.308000
2      96.034921
3      96.281810
4      97.103757
         ...    
499    62.094238
500    61.431741
501    60.360109
502    60.752276
503    60.821082
Name: STK020, Length: 504, dtype: float64
[2025-12-13T17:54:40.416+0000] {logging_mixin.py:190} INFO - All specified missing values have been successfully imputed.
[2025-12-13T17:54:40.518+0000] {python.py:240} INFO - Done. Returned value was: None
[2025-12-13T17:54:53.261+0000] {job.py:239} ERROR - Job heartbeat failed with error
Traceback (most recent call last):
  File "/home/airflow/.local/lib/python3.12/site-packages/sqlalchemy/engine/base.py", line 3371, in _wrap_pool_connect
    return fn()
           ^^^^
  File "/home/airflow/.local/lib/python3.12/site-packages/sqlalchemy/pool/base.py", line 327, in connect
    return _ConnectionFairy._checkout(self)
           ^^^^^^^^^^^^^^^^^^^^^^^^^^^^^^^^
  File "/home/airflow/.local/lib/python3.12/site-packages/sqlalchemy/pool/base.py", line 894, in _checkout
    fairy = _ConnectionRecord.checkout(pool)
            ^^^^^^^^^^^^^^^^^^^^^^^^^^^^^^^^
  File "/home/airflow/.local/lib/python3.12/site-packages/sqlalchemy/pool/base.py", line 493, in checkout
    rec = pool._do_get()
          ^^^^^^^^^^^^^^
  File "/home/airflow/.local/lib/python3.12/site-packages/sqlalchemy/pool/impl.py", line 256, in _do_get
    return self._create_connection()
           ^^^^^^^^^^^^^^^^^^^^^^^^^
  File "/home/airflow/.local/lib/python3.12/site-packages/sqlalchemy/pool/base.py", line 273, in _create_connection
    return _ConnectionRecord(self)
           ^^^^^^^^^^^^^^^^^^^^^^^
  File "/home/airflow/.local/lib/python3.12/site-packages/sqlalchemy/pool/base.py", line 388, in __init__
    self.__connect()
  File "/home/airflow/.local/lib/python3.12/site-packages/sqlalchemy/pool/base.py", line 690, in __connect
    with util.safe_reraise():
         ^^^^^^^^^^^^^^^^^^^
  File "/home/airflow/.local/lib/python3.12/site-packages/sqlalchemy/util/langhelpers.py", line 70, in __exit__
    compat.raise_(
  File "/home/airflow/.local/lib/python3.12/site-packages/sqlalchemy/util/compat.py", line 211, in raise_
    raise exception
  File "/home/airflow/.local/lib/python3.12/site-packages/sqlalchemy/pool/base.py", line 686, in __connect
    self.dbapi_connection = connection = pool._invoke_creator(self)
                                         ^^^^^^^^^^^^^^^^^^^^^^^^^^
  File "/home/airflow/.local/lib/python3.12/site-packages/sqlalchemy/engine/create.py", line 574, in connect
    return dialect.connect(*cargs, **cparams)
           ^^^^^^^^^^^^^^^^^^^^^^^^^^^^^^^^^^
  File "/home/airflow/.local/lib/python3.12/site-packages/sqlalchemy/engine/default.py", line 598, in connect
    return self.dbapi.connect(*cargs, **cparams)
           ^^^^^^^^^^^^^^^^^^^^^^^^^^^^^^^^^^^^^
  File "/home/airflow/.local/lib/python3.12/site-packages/psycopg2/__init__.py", line 122, in connect
    conn = _connect(dsn, connection_factory=connection_factory, **kwasync)
           ^^^^^^^^^^^^^^^^^^^^^^^^^^^^^^^^^^^^^^^^^^^^^^^^^^^^^^^^^^^^^^^
psycopg2.OperationalError: could not translate host name "postgres" to address: Temporary failure in name resolution


The above exception was the direct cause of the following exception:

Traceback (most recent call last):
  File "/home/airflow/.local/lib/python3.12/site-packages/airflow/jobs/job.py", line 233, in heartbeat
    heartbeat_callback(session)
  File "/home/airflow/.local/lib/python3.12/site-packages/airflow/utils/session.py", line 94, in wrapper
    return func(*args, **kwargs)
           ^^^^^^^^^^^^^^^^^^^^^
  File "/home/airflow/.local/lib/python3.12/site-packages/airflow/jobs/local_task_job_runner.py", line 284, in heartbeat_callback
    self.task_instance.refresh_from_db()
  File "/home/airflow/.local/lib/python3.12/site-packages/airflow/utils/session.py", line 97, in wrapper
    return func(*args, session=session, **kwargs)
           ^^^^^^^^^^^^^^^^^^^^^^^^^^^^^^^^^^^^^^
  File "/home/airflow/.local/lib/python3.12/site-packages/airflow/models/taskinstance.py", line 2359, in refresh_from_db
    _refresh_from_db(task_instance=self, session=session, lock_for_update=lock_for_update)
  File "/home/airflow/.local/lib/python3.12/site-packages/airflow/models/taskinstance.py", line 872, in _refresh_from_db
    ti = TaskInstance.get_task_instance(
         ^^^^^^^^^^^^^^^^^^^^^^^^^^^^^^^
  File "/home/airflow/.local/lib/python3.12/site-packages/airflow/api_internal/internal_api_call.py", line 166, in wrapper
    return func(*args, **kwargs)
           ^^^^^^^^^^^^^^^^^^^^^
  File "/home/airflow/.local/lib/python3.12/site-packages/airflow/utils/session.py", line 94, in wrapper
    return func(*args, **kwargs)
           ^^^^^^^^^^^^^^^^^^^^^
  File "/home/airflow/.local/lib/python3.12/site-packages/airflow/models/taskinstance.py", line 2345, in get_task_instance
    return query.one_or_none()
           ^^^^^^^^^^^^^^^^^^^
  File "/home/airflow/.local/lib/python3.12/site-packages/sqlalchemy/orm/query.py", line 2850, in one_or_none
    return self._iter().one_or_none()
           ^^^^^^^^^^^^
  File "/home/airflow/.local/lib/python3.12/site-packages/sqlalchemy/orm/query.py", line 2916, in _iter
    result = self.session.execute(
             ^^^^^^^^^^^^^^^^^^^^^
  File "/home/airflow/.local/lib/python3.12/site-packages/sqlalchemy/orm/session.py", line 1716, in execute
    conn = self._connection_for_bind(bind)
           ^^^^^^^^^^^^^^^^^^^^^^^^^^^^^^^
  File "/home/airflow/.local/lib/python3.12/site-packages/sqlalchemy/orm/session.py", line 1555, in _connection_for_bind
    return self._transaction._connection_for_bind(
           ^^^^^^^^^^^^^^^^^^^^^^^^^^^^^^^^^^^^^^^
  File "/home/airflow/.local/lib/python3.12/site-packages/sqlalchemy/orm/session.py", line 750, in _connection_for_bind
    conn = bind.connect()
           ^^^^^^^^^^^^^^
  File "/home/airflow/.local/lib/python3.12/site-packages/sqlalchemy/future/engine.py", line 412, in connect
    return super(Engine, self).connect()
           ^^^^^^^^^^^^^^^^^^^^^^^^^^^^^
  File "/home/airflow/.local/lib/python3.12/site-packages/sqlalchemy/engine/base.py", line 3325, in connect
    return self._connection_cls(self, close_with_result=close_with_result)
           ^^^^^^^^^^^^^^^^^^^^^^^^^^^^^^^^^^^^^^^^^^^^^^^^^^^^^^^^^^^^^^^
  File "/home/airflow/.local/lib/python3.12/site-packages/sqlalchemy/engine/base.py", line 96, in __init__
    else engine.raw_connection()
         ^^^^^^^^^^^^^^^^^^^^^^^
  File "/home/airflow/.local/lib/python3.12/site-packages/sqlalchemy/engine/base.py", line 3404, in raw_connection
    return self._wrap_pool_connect(self.pool.connect, _connection)
           ^^^^^^^^^^^^^^^^^^^^^^^^^^^^^^^^^^^^^^^^^^^^^^^^^^^^^^^
  File "/home/airflow/.local/lib/python3.12/site-packages/sqlalchemy/engine/base.py", line 3374, in _wrap_pool_connect
    Connection._handle_dbapi_exception_noconnection(
  File "/home/airflow/.local/lib/python3.12/site-packages/sqlalchemy/engine/base.py", line 2208, in _handle_dbapi_exception_noconnection
    util.raise_(
  File "/home/airflow/.local/lib/python3.12/site-packages/sqlalchemy/util/compat.py", line 211, in raise_
    raise exception
  File "/home/airflow/.local/lib/python3.12/site-packages/sqlalchemy/engine/base.py", line 3371, in _wrap_pool_connect
    return fn()
           ^^^^
  File "/home/airflow/.local/lib/python3.12/site-packages/sqlalchemy/pool/base.py", line 327, in connect
    return _ConnectionFairy._checkout(self)
           ^^^^^^^^^^^^^^^^^^^^^^^^^^^^^^^^
  File "/home/airflow/.local/lib/python3.12/site-packages/sqlalchemy/pool/base.py", line 894, in _checkout
    fairy = _ConnectionRecord.checkout(pool)
            ^^^^^^^^^^^^^^^^^^^^^^^^^^^^^^^^
  File "/home/airflow/.local/lib/python3.12/site-packages/sqlalchemy/pool/base.py", line 493, in checkout
    rec = pool._do_get()
          ^^^^^^^^^^^^^^
  File "/home/airflow/.local/lib/python3.12/site-packages/sqlalchemy/pool/impl.py", line 256, in _do_get
    return self._create_connection()
           ^^^^^^^^^^^^^^^^^^^^^^^^^
  File "/home/airflow/.local/lib/python3.12/site-packages/sqlalchemy/pool/base.py", line 273, in _create_connection
    return _ConnectionRecord(self)
           ^^^^^^^^^^^^^^^^^^^^^^^
  File "/home/airflow/.local/lib/python3.12/site-packages/sqlalchemy/pool/base.py", line 388, in __init__
    self.__connect()
  File "/home/airflow/.local/lib/python3.12/site-packages/sqlalchemy/pool/base.py", line 690, in __connect
    with util.safe_reraise():
         ^^^^^^^^^^^^^^^^^^^
  File "/home/airflow/.local/lib/python3.12/site-packages/sqlalchemy/util/langhelpers.py", line 70, in __exit__
    compat.raise_(
  File "/home/airflow/.local/lib/python3.12/site-packages/sqlalchemy/util/compat.py", line 211, in raise_
    raise exception
  File "/home/airflow/.local/lib/python3.12/site-packages/sqlalchemy/pool/base.py", line 686, in __connect
    self.dbapi_connection = connection = pool._invoke_creator(self)
                                         ^^^^^^^^^^^^^^^^^^^^^^^^^^
  File "/home/airflow/.local/lib/python3.12/site-packages/sqlalchemy/engine/create.py", line 574, in connect
    return dialect.connect(*cargs, **cparams)
           ^^^^^^^^^^^^^^^^^^^^^^^^^^^^^^^^^^
  File "/home/airflow/.local/lib/python3.12/site-packages/sqlalchemy/engine/default.py", line 598, in connect
    return self.dbapi.connect(*cargs, **cparams)
           ^^^^^^^^^^^^^^^^^^^^^^^^^^^^^^^^^^^^^
  File "/home/airflow/.local/lib/python3.12/site-packages/psycopg2/__init__.py", line 122, in connect
    conn = _connect(dsn, connection_factory=connection_factory, **kwasync)
           ^^^^^^^^^^^^^^^^^^^^^^^^^^^^^^^^^^^^^^^^^^^^^^^^^^^^^^^^^^^^^^^
sqlalchemy.exc.OperationalError: (psycopg2.OperationalError) could not translate host name "postgres" to address: Temporary failure in name resolution

(Background on this error at: https://sqlalche.me/e/14/e3q8)
[2025-12-13T17:54:53.663+0000] {job.py:254} ERROR - Job heartbeat failed with error. Scheduler is in unhealthy state
[2025-12-13T17:54:54.063+0000] {taskinstance.py:340} INFO - ::group::Post task execution logs
[2025-12-13T17:54:54.084+0000] {taskinstance.py:352} INFO - Marking task as SUCCESS. dag_id=stock_portfolio_pipeline_datafrogs, task_id=clean_missing_values, run_id=manual__2025-12-13T17:54:17.484782+00:00, execution_date=20251213T175417, start_date=20251213T175422, end_date=20251213T175454
[2025-12-13T17:54:54.337+0000] {local_task_job_runner.py:266} INFO - Task exited with return code 0
[2025-12-13T17:54:54.840+0000] {taskinstance.py:3895} INFO - 1 downstream tasks scheduled from follow-on schedule check
[2025-12-13T17:54:54.857+0000] {local_task_job_runner.py:245} INFO - ::endgroup::
